<?xml version="1.0" encoding="UTF-8"?>
<testng-results ignored="0" total="4" passed="4" failed="0" skipped="0">
  <reporter-output>
  </reporter-output>
  <suite started-at="2025-06-11T00:58:41 IST" name="Default suite" finished-at="2025-06-11T00:58:45 IST" duration-ms="3953">
    <groups>
      <group name="cucumber">
        <method signature="AbstractTestNGCucumberTests.runScenario(io.cucumber.testng.PickleWrapper,io.cucumber.testng.FeatureWrapper)[pri:0, instance:resources.TestRunner@77c2494c]" name="runScenario" class="io.cucumber.testng.AbstractTestNGCucumberTests"/>
      </group> <!-- cucumber -->
    </groups>
    <test started-at="2025-06-11T00:58:41 IST" name="Default test" finished-at="2025-06-11T00:58:45 IST" duration-ms="3953">
      <class name="resources.TestRunner">
        <test-method is-config="true" signature="setUpClass(org.testng.ITestContext)[pri:0, instance:resources.TestRunner@77c2494c]" started-at="2025-06-11T00:58:41 IST" name="setUpClass" finished-at="2025-06-11T00:58:42 IST" duration-ms="457" status="PASS">
          <params>
            <param index="0">
              <value>
                <![CDATA[org.testng.TestRunner@652e345]]>
              </value>
            </param>
          </params>
          <reporter-output>
          </reporter-output>
        </test-method> <!-- setUpClass -->
        <test-method signature="runScenario(io.cucumber.testng.PickleWrapper,io.cucumber.testng.FeatureWrapper)[pri:0, instance:resources.TestRunner@77c2494c]" started-at="2025-06-11T00:58:42 IST" name="runScenario" description="Runs Cucumber Scenarios" data-provider="scenarios" finished-at="2025-06-11T00:58:44 IST" duration-ms="2535" status="PASS">
          <params>
            <param index="0">
              <value>
                <![CDATA["Verify if user is successfully added"]]>
              </value>
            </param>
            <param index="1">
              <value>
                <![CDATA["validating Place API's"]]>
              </value>
            </param>
          </params>
          <reporter-output>
          </reporter-output>
        </test-method> <!-- runScenario -->
        <test-method signature="runScenario(io.cucumber.testng.PickleWrapper,io.cucumber.testng.FeatureWrapper)[pri:0, instance:resources.TestRunner@77c2494c]" started-at="2025-06-11T00:58:44 IST" name="runScenario" description="Runs Cucumber Scenarios" data-provider="scenarios" finished-at="2025-06-11T00:58:44 IST" duration-ms="54" status="PASS">
          <params>
            <param index="0">
              <value>
                <![CDATA["Verify get all users"]]>
              </value>
            </param>
            <param index="1">
              <value>
                <![CDATA["validating Place API's"]]>
              </value>
            </param>
          </params>
          <reporter-output>
          </reporter-output>
        </test-method> <!-- runScenario -->
        <test-method signature="runScenario(io.cucumber.testng.PickleWrapper,io.cucumber.testng.FeatureWrapper)[pri:0, instance:resources.TestRunner@77c2494c]" started-at="2025-06-11T00:58:44 IST" name="runScenario" description="Runs Cucumber Scenarios" data-provider="scenarios" finished-at="2025-06-11T00:58:44 IST" duration-ms="49" status="PASS">
          <params>
            <param index="0">
              <value>
                <![CDATA["Verify Get user by ID"]]>
              </value>
            </param>
            <param index="1">
              <value>
                <![CDATA["validating Place API's"]]>
              </value>
            </param>
          </params>
          <reporter-output>
          </reporter-output>
        </test-method> <!-- runScenario -->
        <test-method signature="runScenario(io.cucumber.testng.PickleWrapper,io.cucumber.testng.FeatureWrapper)[pri:0, instance:resources.TestRunner@77c2494c]" started-at="2025-06-11T00:58:44 IST" name="runScenario" description="Runs Cucumber Scenarios" data-provider="scenarios" finished-at="2025-06-11T00:58:45 IST" duration-ms="769" status="PASS">
          <params>
            <param index="0">
              <value>
                <![CDATA["Update the user data"]]>
              </value>
            </param>
            <param index="1">
              <value>
                <![CDATA["validating Place API's"]]>
              </value>
            </param>
          </params>
          <reporter-output>
          </reporter-output>
        </test-method> <!-- runScenario -->
        <test-method is-config="true" signature="tearDownClass()[pri:0, instance:resources.TestRunner@77c2494c]" started-at="2025-06-11T00:58:45 IST" name="tearDownClass" finished-at="2025-06-11T00:58:45 IST" duration-ms="48" status="PASS">
          <reporter-output>
          </reporter-output>
        </test-method> <!-- tearDownClass -->
      </class> <!-- resources.TestRunner -->
    </test> <!-- Default test -->
  </suite> <!-- Default suite -->
</testng-results>
