<?xml version="1.0" encoding="UTF-8"?>
<testng-results ignored="0" total="1" passed="1" failed="0" skipped="0">
  <reporter-output>
  </reporter-output>
  <suite started-at="2025-06-08T23:58:28 IST" name="Default suite" finished-at="2025-06-08T23:58:32 IST" duration-ms="3676">
    <groups>
      <group name="cucumber">
        <method signature="AbstractTestNGCucumberTests.runScenario(io.cucumber.testng.PickleWrapper,io.cucumber.testng.FeatureWrapper)[pri:0, instance:resources.TestRunner@77c2494c]" name="runScenario" class="io.cucumber.testng.AbstractTestNGCucumberTests"/>
      </group> <!-- cucumber -->
    </groups>
    <test started-at="2025-06-08T23:58:28 IST" name="Default test" finished-at="2025-06-08T23:58:32 IST" duration-ms="3676">
      <class name="resources.TestRunner">
        <test-method is-config="true" signature="setUpClass(org.testng.ITestContext)[pri:0, instance:resources.TestRunner@77c2494c]" started-at="2025-06-08T23:58:28 IST" name="setUpClass" finished-at="2025-06-08T23:58:29 IST" duration-ms="454" status="PASS">
          <params>
            <param index="0">
              <value>
                <![CDATA[org.testng.TestRunner@19cdc217]]>
              </value>
            </param>
          </params>
          <reporter-output>
          </reporter-output>
        </test-method> <!-- setUpClass -->
        <test-method signature="runScenario(io.cucumber.testng.PickleWrapper,io.cucumber.testng.FeatureWrapper)[pri:0, instance:resources.TestRunner@77c2494c]" started-at="2025-06-08T23:58:29 IST" name="runScenario" description="Runs Cucumber Scenarios" data-provider="scenarios" finished-at="2025-06-08T23:58:32 IST" duration-ms="3145" status="PASS">
          <params>
            <param index="0">
              <value>
                <![CDATA["Verify if place is successfully added"]]>
              </value>
            </param>
            <param index="1">
              <value>
                <![CDATA["validating Place API's"]]>
              </value>
            </param>
          </params>
          <reporter-output>
          </reporter-output>
        </test-method> <!-- runScenario -->
        <test-method is-config="true" signature="tearDownClass()[pri:0, instance:resources.TestRunner@77c2494c]" started-at="2025-06-08T23:58:32 IST" name="tearDownClass" finished-at="2025-06-08T23:58:32 IST" duration-ms="43" status="PASS">
          <reporter-output>
          </reporter-output>
        </test-method> <!-- tearDownClass -->
      </class> <!-- resources.TestRunner -->
    </test> <!-- Default test -->
  </suite> <!-- Default suite -->
</testng-results>
